-------------------------------------------------------------------------------
Test set: com.nnk.springboot.PasswordEncodeTest
-------------------------------------------------------------------------------
Tests run: 1, Failures: 0, Errors: 1, Skipped: 0, Time elapsed: 0 s <<< FAILURE! - in com.nnk.springboot.PasswordEncodeTest
initializationError  Time elapsed: 0 s  <<< ERROR!
java.lang.Exception: No runnable methods

