-------------------------------------------------------------------------------
Test set: com.nnk.springboot.BidTests
-------------------------------------------------------------------------------
Tests run: 1, Failures: 0, Errors: 1, Skipped: 0, Time elapsed: 0.032 s <<< FAILURE! - in com.nnk.springboot.BidTests
initializationError  Time elapsed: 0.016 s  <<< ERROR!
java.lang.Exception: No runnable methods

